Scheduler: Sending due task terminal.tasks.clean_orphan_session (terminal.tasks.clean_orphan_session)
Scheduler: Sending due task ops.tasks.check_server_performance_period (ops.tasks.check_server_performance_period)
Scheduler: Sending due task perms.tasks.check_asset_permission_expired (perms.tasks.check_asset_permission_expired)
Scheduler: Sending due task terminal.tasks.delete_terminal_status_period (terminal.tasks.delete_terminal_status_period)
Scheduler: Sending due task terminal.tasks.clean_orphan_session (terminal.tasks.clean_orphan_session)
Scheduler: Sending due task terminal.tasks.clean_orphan_session (terminal.tasks.clean_orphan_session)
Scheduler: Sending due task terminal.tasks.clean_orphan_session (terminal.tasks.clean_orphan_session)
Scheduler: Sending due task terminal.tasks.clean_orphan_session (terminal.tasks.clean_orphan_session)
Scheduler: Sending due task terminal.tasks.clean_orphan_session (terminal.tasks.clean_orphan_session)
Scheduler: Sending due task terminal.tasks.clean_orphan_session (terminal.tasks.clean_orphan_session)
Scheduler: Sending due task ops.tasks.check_server_performance_period (ops.tasks.check_server_performance_period)
Scheduler: Sending due task perms.tasks.check_asset_permission_expired (perms.tasks.check_asset_permission_expired)
Scheduler: Sending due task terminal.tasks.delete_terminal_status_period (terminal.tasks.delete_terminal_status_period)
Scheduler: Sending due task terminal.tasks.clean_orphan_session (terminal.tasks.clean_orphan_session)
Scheduler: Sending due task terminal.tasks.clean_orphan_session (terminal.tasks.clean_orphan_session)
Scheduler: Sending due task terminal.tasks.clean_orphan_session (terminal.tasks.clean_orphan_session)
Scheduler: Sending due task terminal.tasks.clean_orphan_session (terminal.tasks.clean_orphan_session)
Scheduler: Sending due task terminal.tasks.clean_orphan_session (terminal.tasks.clean_orphan_session)
Scheduler: Sending due task assets.tasks.nodes_amount.check_node_assets_amount_period_task (assets.tasks.nodes_amount.check_node_assets_amount_period_task)
Scheduler: Sending due task terminal.tasks.clean_orphan_session (terminal.tasks.clean_orphan_session)
Scheduler: Sending due task ops.tasks.check_server_performance_period (ops.tasks.check_server_performance_period)
Scheduler: Sending due task perms.tasks.check_asset_permission_expired (perms.tasks.check_asset_permission_expired)
Scheduler: Sending due task terminal.tasks.delete_terminal_status_period (terminal.tasks.delete_terminal_status_period)
Scheduler: Sending due task terminal.tasks.clean_orphan_session (terminal.tasks.clean_orphan_session)
Scheduler: Sending due task terminal.tasks.clean_orphan_session (terminal.tasks.clean_orphan_session)
Scheduler: Sending due task terminal.tasks.clean_orphan_session (terminal.tasks.clean_orphan_session)
Scheduler: Sending due task terminal.tasks.clean_orphan_session (terminal.tasks.clean_orphan_session)
Scheduler: Sending due task terminal.tasks.clean_orphan_session (terminal.tasks.clean_orphan_session)
Scheduler: Sending due task terminal.tasks.clean_orphan_session (terminal.tasks.clean_orphan_session)
Scheduler: Sending due task ops.tasks.check_server_performance_period (ops.tasks.check_server_performance_period)
Scheduler: Sending due task perms.tasks.check_asset_permission_expired (perms.tasks.check_asset_permission_expired)
Scheduler: Sending due task terminal.tasks.delete_terminal_status_period (terminal.tasks.delete_terminal_status_period)
Scheduler: Sending due task terminal.tasks.clean_orphan_session (terminal.tasks.clean_orphan_session)
Scheduler: Sending due task terminal.tasks.clean_orphan_session (terminal.tasks.clean_orphan_session)
Scheduler: Sending due task terminal.tasks.clean_orphan_session (terminal.tasks.clean_orphan_session)
Scheduler: Sending due task terminal.tasks.clean_orphan_session (terminal.tasks.clean_orphan_session)
Scheduler: Sending due task terminal.tasks.clean_orphan_session (terminal.tasks.clean_orphan_session)
Scheduler: Sending due task celery.backend_cleanup (celery.backend_cleanup)
Scheduler: Sending due task terminal.tasks.clean_orphan_session (terminal.tasks.clean_orphan_session)
Scheduler: Sending due task ops.tasks.check_server_performance_period (ops.tasks.check_server_performance_period)
Scheduler: Sending due task perms.tasks.check_asset_permission_expired (perms.tasks.check_asset_permission_expired)
Scheduler: Sending due task terminal.tasks.delete_terminal_status_period (terminal.tasks.delete_terminal_status_period)
Scheduler: Sending due task terminal.tasks.clean_orphan_session (terminal.tasks.clean_orphan_session)
Scheduler: Sending due task terminal.tasks.clean_orphan_session (terminal.tasks.clean_orphan_session)
Scheduler: Sending due task terminal.tasks.clean_orphan_session (terminal.tasks.clean_orphan_session)
Scheduler: Sending due task terminal.tasks.clean_orphan_session (terminal.tasks.clean_orphan_session)
Scheduler: Sending due task terminal.tasks.clean_orphan_session (terminal.tasks.clean_orphan_session)
Scheduler: Sending due task terminal.tasks.clean_orphan_session (terminal.tasks.clean_orphan_session)
Scheduler: Sending due task ops.tasks.check_server_performance_period (ops.tasks.check_server_performance_period)
Scheduler: Sending due task perms.tasks.check_asset_permission_expired (perms.tasks.check_asset_permission_expired)
Scheduler: Sending due task terminal.tasks.delete_terminal_status_period (terminal.tasks.delete_terminal_status_period)
Scheduler: Sending due task terminal.tasks.clean_orphan_session (terminal.tasks.clean_orphan_session)
Scheduler: Sending due task terminal.tasks.clean_orphan_session (terminal.tasks.clean_orphan_session)
Scheduler: Sending due task terminal.tasks.clean_orphan_session (terminal.tasks.clean_orphan_session)
Scheduler: Sending due task terminal.tasks.clean_orphan_session (terminal.tasks.clean_orphan_session)
Scheduler: Sending due task terminal.tasks.clean_orphan_session (terminal.tasks.clean_orphan_session)
Scheduler: Sending due task terminal.tasks.clean_orphan_session (terminal.tasks.clean_orphan_session)
Scheduler: Sending due task ops.tasks.check_server_performance_period (ops.tasks.check_server_performance_period)
Scheduler: Sending due task perms.tasks.check_asset_permission_expired (perms.tasks.check_asset_permission_expired)
Scheduler: Sending due task terminal.tasks.delete_terminal_status_period (terminal.tasks.delete_terminal_status_period)
Scheduler: Sending due task terminal.tasks.clean_orphan_session (terminal.tasks.clean_orphan_session)
Scheduler: Sending due task terminal.tasks.clean_orphan_session (terminal.tasks.clean_orphan_session)
Scheduler: Sending due task terminal.tasks.clean_orphan_session (terminal.tasks.clean_orphan_session)
Scheduler: Sending due task terminal.tasks.clean_orphan_session (terminal.tasks.clean_orphan_session)
Scheduler: Sending due task terminal.tasks.clean_orphan_session (terminal.tasks.clean_orphan_session)
Scheduler: Sending due task terminal.tasks.clean_orphan_session (terminal.tasks.clean_orphan_session)
Scheduler: Sending due task ops.tasks.check_server_performance_period (ops.tasks.check_server_performance_period)
Scheduler: Sending due task perms.tasks.check_asset_permission_expired (perms.tasks.check_asset_permission_expired)
Scheduler: Sending due task terminal.tasks.delete_terminal_status_period (terminal.tasks.delete_terminal_status_period)
Scheduler: Sending due task terminal.tasks.clean_orphan_session (terminal.tasks.clean_orphan_session)
Scheduler: Sending due task terminal.tasks.clean_orphan_session (terminal.tasks.clean_orphan_session)
Scheduler: Sending due task terminal.tasks.clean_orphan_session (terminal.tasks.clean_orphan_session)
Scheduler: Sending due task terminal.tasks.clean_orphan_session (terminal.tasks.clean_orphan_session)
Scheduler: Sending due task terminal.tasks.clean_orphan_session (terminal.tasks.clean_orphan_session)
Scheduler: Sending due task terminal.tasks.clean_orphan_session (terminal.tasks.clean_orphan_session)
Scheduler: Sending due task ops.tasks.check_server_performance_period (ops.tasks.check_server_performance_period)
Scheduler: Sending due task perms.tasks.check_asset_permission_expired (perms.tasks.check_asset_permission_expired)
Scheduler: Sending due task terminal.tasks.delete_terminal_status_period (terminal.tasks.delete_terminal_status_period)
Scheduler: Sending due task terminal.tasks.clean_orphan_session (terminal.tasks.clean_orphan_session)
Scheduler: Sending due task terminal.tasks.clean_orphan_session (terminal.tasks.clean_orphan_session)
Scheduler: Sending due task terminal.tasks.clean_orphan_session (terminal.tasks.clean_orphan_session)
Scheduler: Sending due task terminal.tasks.clean_orphan_session (terminal.tasks.clean_orphan_session)
Scheduler: Sending due task terminal.tasks.clean_orphan_session (terminal.tasks.clean_orphan_session)
Scheduler: Sending due task terminal.tasks.clean_orphan_session (terminal.tasks.clean_orphan_session)
Scheduler: Sending due task ops.tasks.check_server_performance_period (ops.tasks.check_server_performance_period)
Scheduler: Sending due task perms.tasks.check_asset_permission_expired (perms.tasks.check_asset_permission_expired)
Scheduler: Sending due task terminal.tasks.delete_terminal_status_period (terminal.tasks.delete_terminal_status_period)
Scheduler: Sending due task terminal.tasks.clean_orphan_session (terminal.tasks.clean_orphan_session)
Scheduler: Sending due task terminal.tasks.clean_orphan_session (terminal.tasks.clean_orphan_session)
Scheduler: Sending due task terminal.tasks.clean_orphan_session (terminal.tasks.clean_orphan_session)
Scheduler: Sending due task terminal.tasks.clean_orphan_session (terminal.tasks.clean_orphan_session)
Scheduler: Sending due task terminal.tasks.clean_orphan_session (terminal.tasks.clean_orphan_session)
Scheduler: Sending due task perms.tasks.check_app_permission_will_expired (perms.tasks.check_app_permission_will_expired)
Scheduler: Sending due task check_password_expired_periodic (users.tasks.check_password_expired)
Scheduler: Sending due task perms.tasks.check_asset_permission_will_expired (perms.tasks.check_asset_permission_will_expired)
Scheduler: Sending due task terminal.tasks.clean_orphan_session (terminal.tasks.clean_orphan_session)
Scheduler: Sending due task ops.tasks.check_server_performance_period (ops.tasks.check_server_performance_period)
Scheduler: Sending due task perms.tasks.check_asset_permission_expired (perms.tasks.check_asset_permission_expired)
Scheduler: Sending due task terminal.tasks.delete_terminal_status_period (terminal.tasks.delete_terminal_status_period)
Scheduler: Sending due task terminal.tasks.clean_orphan_session (terminal.tasks.clean_orphan_session)
Scheduler: Sending due task terminal.tasks.clean_orphan_session (terminal.tasks.clean_orphan_session)
Scheduler: Sending due task terminal.tasks.clean_orphan_session (terminal.tasks.clean_orphan_session)
Scheduler: Sending due task terminal.tasks.clean_orphan_session (terminal.tasks.clean_orphan_session)
Scheduler: Sending due task terminal.tasks.clean_orphan_session (terminal.tasks.clean_orphan_session)
Scheduler: Sending due task terminal.tasks.clean_orphan_session (terminal.tasks.clean_orphan_session)
Scheduler: Sending due task ops.tasks.check_server_performance_period (ops.tasks.check_server_performance_period)
Scheduler: Sending due task perms.tasks.check_asset_permission_expired (perms.tasks.check_asset_permission_expired)
Scheduler: Sending due task terminal.tasks.delete_terminal_status_period (terminal.tasks.delete_terminal_status_period)
Scheduler: Sending due task terminal.tasks.clean_orphan_session (terminal.tasks.clean_orphan_session)
Scheduler: Sending due task terminal.tasks.clean_orphan_session (terminal.tasks.clean_orphan_session)
Scheduler: Sending due task terminal.tasks.clean_orphan_session (terminal.tasks.clean_orphan_session)
Scheduler: Sending due task terminal.tasks.clean_orphan_session (terminal.tasks.clean_orphan_session)
Scheduler: Sending due task terminal.tasks.clean_orphan_session (terminal.tasks.clean_orphan_session)
Scheduler: Sending due task terminal.tasks.clean_orphan_session (terminal.tasks.clean_orphan_session)
Scheduler: Sending due task ops.tasks.check_server_performance_period (ops.tasks.check_server_performance_period)
Scheduler: Sending due task perms.tasks.check_asset_permission_expired (perms.tasks.check_asset_permission_expired)
Scheduler: Sending due task terminal.tasks.delete_terminal_status_period (terminal.tasks.delete_terminal_status_period)
Scheduler: Sending due task terminal.tasks.clean_orphan_session (terminal.tasks.clean_orphan_session)
Scheduler: Sending due task terminal.tasks.clean_orphan_session (terminal.tasks.clean_orphan_session)
Scheduler: Sending due task terminal.tasks.clean_orphan_session (terminal.tasks.clean_orphan_session)
Scheduler: Sending due task terminal.tasks.clean_orphan_session (terminal.tasks.clean_orphan_session)
Scheduler: Sending due task terminal.tasks.clean_orphan_session (terminal.tasks.clean_orphan_session)
Scheduler: Sending due task terminal.tasks.clean_orphan_session (terminal.tasks.clean_orphan_session)
Scheduler: Sending due task ops.tasks.check_server_performance_period (ops.tasks.check_server_performance_period)
Scheduler: Sending due task perms.tasks.check_asset_permission_expired (perms.tasks.check_asset_permission_expired)
Scheduler: Sending due task terminal.tasks.delete_terminal_status_period (terminal.tasks.delete_terminal_status_period)
Scheduler: Sending due task terminal.tasks.clean_orphan_session (terminal.tasks.clean_orphan_session)
Scheduler: Sending due task terminal.tasks.clean_orphan_session (terminal.tasks.clean_orphan_session)
Scheduler: Sending due task terminal.tasks.clean_orphan_session (terminal.tasks.clean_orphan_session)
Exception in thread Thread-1:
Traceback (most recent call last):
  File "/usr/local/lib/python3.8/threading.py", line 932, in _bootstrap_inner
    self.run()
  File "/usr/local/lib/python3.8/threading.py", line 870, in run
    self._target(*self._args, **self._kwargs)
  File "/usr/local/lib/python3.8/site-packages/redis_lock/__init__.py", line 300, in _lock_renewer
    lock.extend(expire=lock._expire)
  File "/usr/local/lib/python3.8/site-packages/redis_lock/__init__.py", line 280, in extend
    raise NotAcquired("Lock %s is not acquired or it already expired." % self._name)
redis_lock.NotAcquired: Lock lock:beat-distribute-start-lock is not acquired or it already expired.
Database gave error: OperationalError(2005, "Unknown MySQL server host 'mysql' (-3)")
Traceback (most recent call last):
  File "/usr/local/lib/python3.8/site-packages/django/db/backends/base/base.py", line 219, in ensure_connection
    self.connect()
  File "/usr/local/lib/python3.8/site-packages/django/utils/asyncio.py", line 33, in inner
    return func(*args, **kwargs)
  File "/usr/local/lib/python3.8/site-packages/django/db/backends/base/base.py", line 200, in connect
    self.connection = self.get_new_connection(conn_params)
  File "/usr/local/lib/python3.8/site-packages/django/utils/asyncio.py", line 33, in inner
    return func(*args, **kwargs)
  File "/usr/local/lib/python3.8/site-packages/django/db/backends/mysql/base.py", line 234, in get_new_connection
    connection = Database.connect(**conn_params)
  File "/usr/local/lib/python3.8/site-packages/MySQLdb/__init__.py", line 123, in Connect
    return Connection(*args, **kwargs)
  File "/usr/local/lib/python3.8/site-packages/MySQLdb/connections.py", line 185, in __init__
    super().__init__(*args, **kwargs2)
MySQLdb._exceptions.OperationalError: (2005, "Unknown MySQL server host 'mysql' (-3)")

The above exception was the direct cause of the following exception:

Traceback (most recent call last):
  File "/usr/local/lib/python3.8/site-packages/django_celery_beat/schedulers.py", line 262, in schedule_changed
    last, ts = self._last_timestamp, self.Changes.last_change()
  File "/usr/local/lib/python3.8/site-packages/django_celery_beat/models.py", line 387, in last_change
    return cls.objects.get(ident=1).last_update
  File "/usr/local/lib/python3.8/site-packages/django/db/models/manager.py", line 85, in manager_method
    return getattr(self.get_queryset(), name)(*args, **kwargs)
  File "/usr/local/lib/python3.8/site-packages/django/db/models/query.py", line 431, in get
    num = len(clone)
  File "/usr/local/lib/python3.8/site-packages/django/db/models/query.py", line 262, in __len__
    self._fetch_all()
  File "/usr/local/lib/python3.8/site-packages/django/db/models/query.py", line 1324, in _fetch_all
    self._result_cache = list(self._iterable_class(self))
  File "/usr/local/lib/python3.8/site-packages/django/db/models/query.py", line 51, in __iter__
    results = compiler.execute_sql(chunked_fetch=self.chunked_fetch, chunk_size=self.chunk_size)
  File "/usr/local/lib/python3.8/site-packages/django/db/models/sql/compiler.py", line 1173, in execute_sql
    cursor = self.connection.cursor()
  File "/usr/local/lib/python3.8/site-packages/django/utils/asyncio.py", line 33, in inner
    return func(*args, **kwargs)
  File "/usr/local/lib/python3.8/site-packages/django/db/backends/base/base.py", line 259, in cursor
    return self._cursor()
  File "/usr/local/lib/python3.8/site-packages/django/db/backends/base/base.py", line 235, in _cursor
    self.ensure_connection()
  File "/usr/local/lib/python3.8/site-packages/django/utils/asyncio.py", line 33, in inner
    return func(*args, **kwargs)
  File "/usr/local/lib/python3.8/site-packages/django/db/backends/base/base.py", line 219, in ensure_connection
    self.connect()
  File "/usr/local/lib/python3.8/site-packages/django/db/utils.py", line 90, in __exit__
    raise dj_exc_value.with_traceback(traceback) from exc_value
  File "/usr/local/lib/python3.8/site-packages/django/db/backends/base/base.py", line 219, in ensure_connection
    self.connect()
  File "/usr/local/lib/python3.8/site-packages/django/utils/asyncio.py", line 33, in inner
    return func(*args, **kwargs)
  File "/usr/local/lib/python3.8/site-packages/django/db/backends/base/base.py", line 200, in connect
    self.connection = self.get_new_connection(conn_params)
  File "/usr/local/lib/python3.8/site-packages/django/utils/asyncio.py", line 33, in inner
    return func(*args, **kwargs)
  File "/usr/local/lib/python3.8/site-packages/django/db/backends/mysql/base.py", line 234, in get_new_connection
    connection = Database.connect(**conn_params)
  File "/usr/local/lib/python3.8/site-packages/MySQLdb/__init__.py", line 123, in Connect
    return Connection(*args, **kwargs)
  File "/usr/local/lib/python3.8/site-packages/MySQLdb/connections.py", line 185, in __init__
    super().__init__(*args, **kwargs2)
django.db.utils.OperationalError: (2005, "Unknown MySQL server host 'mysql' (-3)")
Database gave error: OperationalError(2005, "Unknown MySQL server host 'mysql' (-3)")
Traceback (most recent call last):
  File "/usr/local/lib/python3.8/site-packages/django/db/backends/base/base.py", line 219, in ensure_connection
    self.connect()
  File "/usr/local/lib/python3.8/site-packages/django/utils/asyncio.py", line 33, in inner
    return func(*args, **kwargs)
  File "/usr/local/lib/python3.8/site-packages/django/db/backends/base/base.py", line 200, in connect
    self.connection = self.get_new_connection(conn_params)
  File "/usr/local/lib/python3.8/site-packages/django/utils/asyncio.py", line 33, in inner
    return func(*args, **kwargs)
  File "/usr/local/lib/python3.8/site-packages/django/db/backends/mysql/base.py", line 234, in get_new_connection
    connection = Database.connect(**conn_params)
  File "/usr/local/lib/python3.8/site-packages/MySQLdb/__init__.py", line 123, in Connect
    return Connection(*args, **kwargs)
  File "/usr/local/lib/python3.8/site-packages/MySQLdb/connections.py", line 185, in __init__
    super().__init__(*args, **kwargs2)
MySQLdb._exceptions.OperationalError: (2005, "Unknown MySQL server host 'mysql' (-3)")

The above exception was the direct cause of the following exception:

Traceback (most recent call last):
  File "/usr/local/lib/python3.8/site-packages/django_celery_beat/schedulers.py", line 262, in schedule_changed
    last, ts = self._last_timestamp, self.Changes.last_change()
  File "/usr/local/lib/python3.8/site-packages/django_celery_beat/models.py", line 387, in last_change
    return cls.objects.get(ident=1).last_update
  File "/usr/local/lib/python3.8/site-packages/django/db/models/manager.py", line 85, in manager_method
    return getattr(self.get_queryset(), name)(*args, **kwargs)
  File "/usr/local/lib/python3.8/site-packages/django/db/models/query.py", line 431, in get
    num = len(clone)
  File "/usr/local/lib/python3.8/site-packages/django/db/models/query.py", line 262, in __len__
    self._fetch_all()
  File "/usr/local/lib/python3.8/site-packages/django/db/models/query.py", line 1324, in _fetch_all
    self._result_cache = list(self._iterable_class(self))
  File "/usr/local/lib/python3.8/site-packages/django/db/models/query.py", line 51, in __iter__
    results = compiler.execute_sql(chunked_fetch=self.chunked_fetch, chunk_size=self.chunk_size)
  File "/usr/local/lib/python3.8/site-packages/django/db/models/sql/compiler.py", line 1173, in execute_sql
    cursor = self.connection.cursor()
  File "/usr/local/lib/python3.8/site-packages/django/utils/asyncio.py", line 33, in inner
    return func(*args, **kwargs)
  File "/usr/local/lib/python3.8/site-packages/django/db/backends/base/base.py", line 259, in cursor
    return self._cursor()
  File "/usr/local/lib/python3.8/site-packages/django/db/backends/base/base.py", line 235, in _cursor
    self.ensure_connection()
  File "/usr/local/lib/python3.8/site-packages/django/utils/asyncio.py", line 33, in inner
    return func(*args, **kwargs)
  File "/usr/local/lib/python3.8/site-packages/django/db/backends/base/base.py", line 219, in ensure_connection
    self.connect()
  File "/usr/local/lib/python3.8/site-packages/django/db/utils.py", line 90, in __exit__
    raise dj_exc_value.with_traceback(traceback) from exc_value
  File "/usr/local/lib/python3.8/site-packages/django/db/backends/base/base.py", line 219, in ensure_connection
    self.connect()
  File "/usr/local/lib/python3.8/site-packages/django/utils/asyncio.py", line 33, in inner
    return func(*args, **kwargs)
  File "/usr/local/lib/python3.8/site-packages/django/db/backends/base/base.py", line 200, in connect
    self.connection = self.get_new_connection(conn_params)
  File "/usr/local/lib/python3.8/site-packages/django/utils/asyncio.py", line 33, in inner
    return func(*args, **kwargs)
  File "/usr/local/lib/python3.8/site-packages/django/db/backends/mysql/base.py", line 234, in get_new_connection
    connection = Database.connect(**conn_params)
  File "/usr/local/lib/python3.8/site-packages/MySQLdb/__init__.py", line 123, in Connect
    return Connection(*args, **kwargs)
  File "/usr/local/lib/python3.8/site-packages/MySQLdb/connections.py", line 185, in __init__
    super().__init__(*args, **kwargs2)
django.db.utils.OperationalError: (2005, "Unknown MySQL server host 'mysql' (-3)")
Database gave error: OperationalError(2005, "Unknown MySQL server host 'mysql' (-3)")
Traceback (most recent call last):
  File "/usr/local/lib/python3.8/site-packages/django/db/backends/base/base.py", line 219, in ensure_connection
    self.connect()
  File "/usr/local/lib/python3.8/site-packages/django/utils/asyncio.py", line 33, in inner
    return func(*args, **kwargs)
  File "/usr/local/lib/python3.8/site-packages/django/db/backends/base/base.py", line 200, in connect
    self.connection = self.get_new_connection(conn_params)
  File "/usr/local/lib/python3.8/site-packages/django/utils/asyncio.py", line 33, in inner
    return func(*args, **kwargs)
  File "/usr/local/lib/python3.8/site-packages/django/db/backends/mysql/base.py", line 234, in get_new_connection
    connection = Database.connect(**conn_params)
  File "/usr/local/lib/python3.8/site-packages/MySQLdb/__init__.py", line 123, in Connect
    return Connection(*args, **kwargs)
  File "/usr/local/lib/python3.8/site-packages/MySQLdb/connections.py", line 185, in __init__
    super().__init__(*args, **kwargs2)
MySQLdb._exceptions.OperationalError: (2005, "Unknown MySQL server host 'mysql' (-3)")

The above exception was the direct cause of the following exception:

Traceback (most recent call last):
  File "/usr/local/lib/python3.8/site-packages/django_celery_beat/schedulers.py", line 262, in schedule_changed
    last, ts = self._last_timestamp, self.Changes.last_change()
  File "/usr/local/lib/python3.8/site-packages/django_celery_beat/models.py", line 387, in last_change
    return cls.objects.get(ident=1).last_update
  File "/usr/local/lib/python3.8/site-packages/django/db/models/manager.py", line 85, in manager_method
    return getattr(self.get_queryset(), name)(*args, **kwargs)
  File "/usr/local/lib/python3.8/site-packages/django/db/models/query.py", line 431, in get
    num = len(clone)
  File "/usr/local/lib/python3.8/site-packages/django/db/models/query.py", line 262, in __len__
    self._fetch_all()
  File "/usr/local/lib/python3.8/site-packages/django/db/models/query.py", line 1324, in _fetch_all
    self._result_cache = list(self._iterable_class(self))
  File "/usr/local/lib/python3.8/site-packages/django/db/models/query.py", line 51, in __iter__
    results = compiler.execute_sql(chunked_fetch=self.chunked_fetch, chunk_size=self.chunk_size)
  File "/usr/local/lib/python3.8/site-packages/django/db/models/sql/compiler.py", line 1173, in execute_sql
    cursor = self.connection.cursor()
  File "/usr/local/lib/python3.8/site-packages/django/utils/asyncio.py", line 33, in inner
    return func(*args, **kwargs)
  File "/usr/local/lib/python3.8/site-packages/django/db/backends/base/base.py", line 259, in cursor
    return self._cursor()
  File "/usr/local/lib/python3.8/site-packages/django/db/backends/base/base.py", line 235, in _cursor
    self.ensure_connection()
  File "/usr/local/lib/python3.8/site-packages/django/utils/asyncio.py", line 33, in inner
    return func(*args, **kwargs)
  File "/usr/local/lib/python3.8/site-packages/django/db/backends/base/base.py", line 219, in ensure_connection
    self.connect()
  File "/usr/local/lib/python3.8/site-packages/django/db/utils.py", line 90, in __exit__
    raise dj_exc_value.with_traceback(traceback) from exc_value
  File "/usr/local/lib/python3.8/site-packages/django/db/backends/base/base.py", line 219, in ensure_connection
    self.connect()
  File "/usr/local/lib/python3.8/site-packages/django/utils/asyncio.py", line 33, in inner
    return func(*args, **kwargs)
  File "/usr/local/lib/python3.8/site-packages/django/db/backends/base/base.py", line 200, in connect
    self.connection = self.get_new_connection(conn_params)
  File "/usr/local/lib/python3.8/site-packages/django/utils/asyncio.py", line 33, in inner
    return func(*args, **kwargs)
  File "/usr/local/lib/python3.8/site-packages/django/db/backends/mysql/base.py", line 234, in get_new_connection
    connection = Database.connect(**conn_params)
  File "/usr/local/lib/python3.8/site-packages/MySQLdb/__init__.py", line 123, in Connect
    return Connection(*args, **kwargs)
  File "/usr/local/lib/python3.8/site-packages/MySQLdb/connections.py", line 185, in __init__
    super().__init__(*args, **kwargs2)
django.db.utils.OperationalError: (2005, "Unknown MySQL server host 'mysql' (-3)")
Scheduler: Sending due task terminal.tasks.clean_orphan_session (terminal.tasks.clean_orphan_session)
